8.1.2 02-06-2024 14:27:35 Starting new session. Mods: examplemod 
8.1.2 02-06-2024 14:27:41 MAJOR: null: Loading language: fr
8.1.2 02-06-2024 14:27:41 ERROR: null: Git conflict lines present in C:\Users\Claaaaaarity\Desktop\server\asdasdsa\mods\millenaire\languages\zh_tw\quests_alchemist.txt
8.1.2 02-06-2024 14:27:41 ERROR: null: Git conflict lines present in C:\Users\Claaaaaarity\Desktop\server\asdasdsa\mods\millenaire\languages\zh_tw\quests_sadhu.txt
8.1.2 02-06-2024 14:27:41 MAJOR: null: LanguageData loaded: fr. Wand invitem name: Wand of Summoning
8.1.2 02-06-2024 14:30:17 Starting new session. Mods: examplemod 
8.1.2 02-06-2024 14:30:22 MAJOR: null: Loading language: fr
8.1.2 02-06-2024 14:30:22 ERROR: null: Git conflict lines present in C:\Users\Claaaaaarity\Desktop\server\asdasdsa\mods\millenaire\languages\zh_tw\quests_alchemist.txt
8.1.2 02-06-2024 14:30:22 ERROR: null: Git conflict lines present in C:\Users\Claaaaaarity\Desktop\server\asdasdsa\mods\millenaire\languages\zh_tw\quests_sadhu.txt
8.1.2 02-06-2024 14:30:23 MAJOR: null: LanguageData loaded: fr. Wand invitem name: Wand of Summoning
8.1.2 02-06-2024 14:35:04 Starting new session. Mods: examplemod 
8.1.2 02-06-2024 14:35:10 MAJOR: null: Loading language: fr
8.1.2 02-06-2024 14:35:10 ERROR: null: Git conflict lines present in C:\Users\Claaaaaarity\Desktop\server\asdasdsa\mods\millenaire\languages\zh_tw\quests_alchemist.txt
8.1.2 02-06-2024 14:35:10 ERROR: null: Git conflict lines present in C:\Users\Claaaaaarity\Desktop\server\asdasdsa\mods\millenaire\languages\zh_tw\quests_sadhu.txt
8.1.2 02-06-2024 14:35:10 MAJOR: null: LanguageData loaded: fr. Wand invitem name: Wand of Summoning
8.1.2 02-06-2024 14:37:49 Starting new session. Mods: examplemod 
8.1.2 02-06-2024 14:37:55 MAJOR: null: Loading language: fr
8.1.2 02-06-2024 14:37:55 ERROR: null: Git conflict lines present in C:\Users\Claaaaaarity\Desktop\server\asdasdsa\mods\millenaire\languages\zh_tw\quests_alchemist.txt
8.1.2 02-06-2024 14:37:55 ERROR: null: Git conflict lines present in C:\Users\Claaaaaarity\Desktop\server\asdasdsa\mods\millenaire\languages\zh_tw\quests_sadhu.txt
8.1.2 02-06-2024 14:37:55 MAJOR: null: LanguageData loaded: fr. Wand invitem name: Wand of Summoning
8.1.2 02-06-2024 14:42:01 Starting new session. Mods: examplemod 
8.1.2 02-06-2024 14:42:07 MAJOR: null: Loading language: fr
8.1.2 02-06-2024 14:42:07 ERROR: null: Git conflict lines present in C:\Users\Claaaaaarity\Desktop\server\asdasdsa\mods\millenaire\languages\zh_tw\quests_alchemist.txt
8.1.2 02-06-2024 14:42:07 ERROR: null: Git conflict lines present in C:\Users\Claaaaaarity\Desktop\server\asdasdsa\mods\millenaire\languages\zh_tw\quests_sadhu.txt
8.1.2 02-06-2024 14:42:07 MAJOR: null: LanguageData loaded: fr. Wand invitem name: Wand of Summoning
8.1.2 02-06-2024 15:06:34 Starting new session. Mods: examplemod 
8.1.2 02-06-2024 15:06:47 MAJOR: null: Loading language: fr
8.1.2 02-06-2024 15:06:47 ERROR: null: Git conflict lines present in C:\Users\Claaaaaarity\Desktop\server\asdasdsa\mods\millenaire\languages\zh_tw\quests_alchemist.txt
8.1.2 02-06-2024 15:06:47 ERROR: null: Git conflict lines present in C:\Users\Claaaaaarity\Desktop\server\asdasdsa\mods\millenaire\languages\zh_tw\quests_sadhu.txt
8.1.2 02-06-2024 15:06:48 MAJOR: null: LanguageData loaded: fr. Wand invitem name: Wand of Summoning
8.1.2 02-06-2024 15:12:12 Starting new session. Mods: examplemod 
8.1.2 02-06-2024 15:12:26 MAJOR: null: Loading language: fr
8.1.2 02-06-2024 15:12:26 ERROR: null: Git conflict lines present in C:\Users\Claaaaaarity\Desktop\server\asdasdsa\mods\millenaire\languages\zh_tw\quests_alchemist.txt
8.1.2 02-06-2024 15:12:26 ERROR: null: Git conflict lines present in C:\Users\Claaaaaarity\Desktop\server\asdasdsa\mods\millenaire\languages\zh_tw\quests_sadhu.txt
8.1.2 02-06-2024 15:12:26 MAJOR: null: LanguageData loaded: fr. Wand invitem name: Wand of Summoning
8.1.2 02-06-2024 15:13:40 Starting new session. Mods: examplemod 
8.1.2 02-06-2024 15:16:02 Starting new session. Mods: examplemod 
8.1.2 02-06-2024 15:19:37 Starting new session. Mods: examplemod 
8.1.2 02-06-2024 15:19:56 MAJOR: null: Loading language: fr
8.1.2 02-06-2024 15:19:56 ERROR: null: Git conflict lines present in C:\Users\Claaaaaarity\Desktop\server\asdasdsa\mods\millenaire\languages\zh_tw\quests_alchemist.txt
8.1.2 02-06-2024 15:19:56 ERROR: null: Git conflict lines present in C:\Users\Claaaaaarity\Desktop\server\asdasdsa\mods\millenaire\languages\zh_tw\quests_sadhu.txt
8.1.2 02-06-2024 15:19:56 MAJOR: null: LanguageData loaded: fr. Wand invitem name: Wand of Summoning
